<?xml version="1.0" encoding="UTF-8"?>
<testng-results ignored="0" total="2" passed="1" failed="1" skipped="0">
  <reporter-output>
  </reporter-output>
  <suite started-at="2022-05-16T04:40:23 GMT-07:00" name="Default suite" finished-at="2022-05-16T04:41:22 GMT-07:00" duration-ms="59490">
    <groups>
    </groups>
    <test started-at="2022-05-16T04:40:23 GMT-07:00" name="Default test" finished-at="2022-05-16T04:41:22 GMT-07:00" duration-ms="59490">
      <class name="TestNG16MAY.AllinOne">
        <test-method is-config="true" signature="openbrowser()[pri:0, instance:TestNG16MAY.AllinOne@647e447]" started-at="2022-05-16T04:40:12 GMT-07:00" name="openbrowser" finished-at="2022-05-16T04:40:23 GMT-07:00" duration-ms="10717" status="PASS">
          <reporter-output>
          </reporter-output>
        </test-method> <!-- openbrowser -->
        <test-method is-config="true" signature="EnterURL()[pri:0, instance:TestNG16MAY.AllinOne@647e447]" started-at="2022-05-16T04:40:23 GMT-07:00" name="EnterURL" finished-at="2022-05-16T04:40:23 GMT-07:00" duration-ms="2" status="PASS">
          <reporter-output>
          </reporter-output>
        </test-method> <!-- EnterURL -->
        <test-method is-config="true" signature="MaxBrowser()[pri:0, instance:TestNG16MAY.AllinOne@647e447]" started-at="2022-05-16T04:40:23 GMT-07:00" name="MaxBrowser" finished-at="2022-05-16T04:40:23 GMT-07:00" duration-ms="0" status="PASS">
          <reporter-output>
          </reporter-output>
        </test-method> <!-- MaxBrowser -->
        <test-method is-config="true" signature="GetCookies()[pri:0, instance:TestNG16MAY.AllinOne@647e447]" started-at="2022-05-16T04:40:23 GMT-07:00" name="GetCookies" finished-at="2022-05-16T04:40:23 GMT-07:00" duration-ms="2" status="PASS">
          <reporter-output>
          </reporter-output>
        </test-method> <!-- GetCookies -->
        <test-method signature="indeedjobsearch()[pri:0, instance:TestNG16MAY.AllinOne@647e447]" started-at="2022-05-16T04:40:23 GMT-07:00" name="indeedjobsearch" finished-at="2022-05-16T04:40:54 GMT-07:00" duration-ms="31221" status="PASS">
          <reporter-output>
          </reporter-output>
        </test-method> <!-- indeedjobsearch -->
        <test-method is-config="true" signature="GetScreenShot()[pri:0, instance:TestNG16MAY.AllinOne@647e447]" started-at="2022-05-16T04:40:54 GMT-07:00" name="GetScreenShot" finished-at="2022-05-16T04:40:55 GMT-07:00" duration-ms="1083" status="PASS">
          <reporter-output>
          </reporter-output>
        </test-method> <!-- GetScreenShot -->
        <test-method is-config="true" signature="GetCookies()[pri:0, instance:TestNG16MAY.AllinOne@647e447]" started-at="2022-05-16T04:40:55 GMT-07:00" name="GetCookies" finished-at="2022-05-16T04:40:55 GMT-07:00" duration-ms="1" status="PASS">
          <reporter-output>
          </reporter-output>
        </test-method> <!-- GetCookies -->
        <test-method signature="naukrilogin()[pri:0, instance:TestNG16MAY.AllinOne@647e447]" started-at="2022-05-16T04:40:55 GMT-07:00" name="naukrilogin" finished-at="2022-05-16T04:41:22 GMT-07:00" duration-ms="26188" status="FAIL">
          <exception class="org.openqa.selenium.NoSuchElementException">
            <message>
              <![CDATA[no such element: Unable to locate element: {"method":"css selector","selector":"#qsb\-keyskill\-sugg"}
  (Session info: chrome=101.0.4951.67)
For documentation on this error, please visit: https://www.seleniumhq.org/exceptions/no_such_element.html
Build info: version: '4.0.0-alpha-2', revision: 'f148142cf8', time: '2019-07-01T20:55:26'
System info: host: 'DESKTOP-D5D6SNP', ip: '192.168.43.19', os.name: 'Windows 10', os.arch: 'amd64', os.version: '10.0', java.version: '17.0.2'
Driver info: org.openqa.selenium.chrome.ChromeDriver
Capabilities {acceptInsecureCerts: false, browserName: chrome, browserVersion: 101.0.4951.67, chrome: {chromedriverVersion: 101.0.4951.41 (93c720db8323..., userDataDir: C:\Users\ADMINI~1\AppData\L...}, goog:chromeOptions: {debuggerAddress: localhost:53155}, javascriptEnabled: true, networkConnectionEnabled: false, pageLoadStrategy: normal, platform: WINDOWS, platformName: WINDOWS, proxy: Proxy(), setWindowRect: true, strictFileInteractability: false, timeouts: {implicit: 0, pageLoad: 300000, script: 30000}, unhandledPromptBehavior: dismiss and notify, webauthn:extension:credBlob: true, webauthn:extension:largeBlob: true, webauthn:virtualAuthenticators: true}
Session ID: 49b98dff1c779f9409a30435b751f0b8
*** Element info: {Using=id, value=qsb-keyskill-sugg}]]>
            </message>
            <full-stacktrace>
              <![CDATA[org.openqa.selenium.NoSuchElementException: no such element: Unable to locate element: {"method":"css selector","selector":"#qsb\-keyskill\-sugg"}
  (Session info: chrome=101.0.4951.67)
For documentation on this error, please visit: https://www.seleniumhq.org/exceptions/no_such_element.html
Build info: version: '4.0.0-alpha-2', revision: 'f148142cf8', time: '2019-07-01T20:55:26'
System info: host: 'DESKTOP-D5D6SNP', ip: '192.168.43.19', os.name: 'Windows 10', os.arch: 'amd64', os.version: '10.0', java.version: '17.0.2'
Driver info: org.openqa.selenium.chrome.ChromeDriver
Capabilities {acceptInsecureCerts: false, browserName: chrome, browserVersion: 101.0.4951.67, chrome: {chromedriverVersion: 101.0.4951.41 (93c720db8323..., userDataDir: C:\Users\ADMINI~1\AppData\L...}, goog:chromeOptions: {debuggerAddress: localhost:53155}, javascriptEnabled: true, networkConnectionEnabled: false, pageLoadStrategy: normal, platform: WINDOWS, platformName: WINDOWS, proxy: Proxy(), setWindowRect: true, strictFileInteractability: false, timeouts: {implicit: 0, pageLoad: 300000, script: 30000}, unhandledPromptBehavior: dismiss and notify, webauthn:extension:credBlob: true, webauthn:extension:largeBlob: true, webauthn:virtualAuthenticators: true}
Session ID: 49b98dff1c779f9409a30435b751f0b8
*** Element info: {Using=id, value=qsb-keyskill-sugg}
at java.base/jdk.internal.reflect.NativeConstructorAccessorImpl.newInstance0(Native Method)
at java.base/jdk.internal.reflect.NativeConstructorAccessorImpl.newInstance(NativeConstructorAccessorImpl.java:77)
at java.base/jdk.internal.reflect.DelegatingConstructorAccessorImpl.newInstance(DelegatingConstructorAccessorImpl.java:45)
at java.base/java.lang.reflect.Constructor.newInstanceWithCaller(Constructor.java:499)
at java.base/java.lang.reflect.Constructor.newInstance(Constructor.java:480)
at org.openqa.selenium.remote.codec.w3c.W3CHttpResponseCodec.createException(W3CHttpResponseCodec.java:191)
at org.openqa.selenium.remote.codec.w3c.W3CHttpResponseCodec.decode(W3CHttpResponseCodec.java:125)
at org.openqa.selenium.remote.codec.w3c.W3CHttpResponseCodec.decode(W3CHttpResponseCodec.java:52)
at org.openqa.selenium.remote.HttpCommandExecutor.execute(HttpCommandExecutor.java:161)
at org.openqa.selenium.remote.service.DriverCommandExecutor.execute(DriverCommandExecutor.java:83)
at org.openqa.selenium.remote.RemoteWebDriver.execute(RemoteWebDriver.java:576)
at org.openqa.selenium.remote.RemoteWebDriver.findElement(RemoteWebDriver.java:327)
at org.openqa.selenium.remote.RemoteWebDriver.findElementById(RemoteWebDriver.java:375)
at org.openqa.selenium.By$ById.findElement(By.java:188)
at org.openqa.selenium.remote.RemoteWebDriver.findElement(RemoteWebDriver.java:319)
at TestNG16MAY.AllinOne.naukrilogin(AllinOne.java:82)
at java.base/jdk.internal.reflect.NativeMethodAccessorImpl.invoke0(Native Method)
at java.base/jdk.internal.reflect.NativeMethodAccessorImpl.invoke(NativeMethodAccessorImpl.java:77)
at java.base/jdk.internal.reflect.DelegatingMethodAccessorImpl.invoke(DelegatingMethodAccessorImpl.java:43)
at java.base/java.lang.reflect.Method.invoke(Method.java:568)
at org.testng.internal.MethodInvocationHelper.invokeMethod(MethodInvocationHelper.java:133)
at org.testng.internal.TestInvoker.invokeMethod(TestInvoker.java:598)
at org.testng.internal.TestInvoker.invokeTestMethod(TestInvoker.java:173)
at org.testng.internal.MethodRunner.runInSequence(MethodRunner.java:46)
at org.testng.internal.TestInvoker$MethodInvocationAgent.invoke(TestInvoker.java:824)
at org.testng.internal.TestInvoker.invokeTestMethods(TestInvoker.java:146)
at org.testng.internal.TestMethodWorker.invokeTestMethods(TestMethodWorker.java:146)
at org.testng.internal.TestMethodWorker.run(TestMethodWorker.java:128)
at java.base/java.util.ArrayList.forEach(ArrayList.java:1511)
at org.testng.TestRunner.privateRun(TestRunner.java:794)
at org.testng.TestRunner.run(TestRunner.java:596)
at org.testng.SuiteRunner.runTest(SuiteRunner.java:377)
at org.testng.SuiteRunner.runSequentially(SuiteRunner.java:371)
at org.testng.SuiteRunner.privateRun(SuiteRunner.java:332)
at org.testng.SuiteRunner.run(SuiteRunner.java:276)
at org.testng.SuiteRunnerWorker.runSuite(SuiteRunnerWorker.java:53)
at org.testng.SuiteRunnerWorker.run(SuiteRunnerWorker.java:96)
at org.testng.TestNG.runSuitesSequentially(TestNG.java:1212)
at org.testng.TestNG.runSuitesLocally(TestNG.java:1134)
at org.testng.TestNG.runSuites(TestNG.java:1063)
at org.testng.TestNG.run(TestNG.java:1031)
at org.testng.remote.AbstractRemoteTestNG.run(AbstractRemoteTestNG.java:115)
at org.testng.remote.RemoteTestNG.initAndRun(RemoteTestNG.java:251)
at org.testng.remote.RemoteTestNG.main(RemoteTestNG.java:77)
]]>
            </full-stacktrace>
          </exception> <!-- org.openqa.selenium.NoSuchElementException -->
          <reporter-output>
          </reporter-output>
        </test-method> <!-- naukrilogin -->
        <test-method is-config="true" signature="GetScreenShot()[pri:0, instance:TestNG16MAY.AllinOne@647e447]" started-at="2022-05-16T04:41:22 GMT-07:00" name="GetScreenShot" finished-at="2022-05-16T04:41:22 GMT-07:00" duration-ms="519" status="PASS">
          <reporter-output>
          </reporter-output>
        </test-method> <!-- GetScreenShot -->
        <test-method is-config="true" signature="DeleteCookies()[pri:0, instance:TestNG16MAY.AllinOne@647e447]" started-at="2022-05-16T04:41:22 GMT-07:00" name="DeleteCookies" finished-at="2022-05-16T04:41:22 GMT-07:00" duration-ms="1" status="PASS">
          <reporter-output>
          </reporter-output>
        </test-method> <!-- DeleteCookies -->
        <test-method is-config="true" signature="DBConnectionClosed()[pri:0, instance:TestNG16MAY.AllinOne@647e447]" started-at="2022-05-16T04:41:22 GMT-07:00" name="DBConnectionClosed" finished-at="2022-05-16T04:41:22 GMT-07:00" duration-ms="1" status="PASS">
          <reporter-output>
          </reporter-output>
        </test-method> <!-- DBConnectionClosed -->
        <test-method is-config="true" signature="Close()[pri:0, instance:TestNG16MAY.AllinOne@647e447]" started-at="2022-05-16T04:41:23 GMT-07:00" name="Close" finished-at="2022-05-16T04:41:23 GMT-07:00" duration-ms="1" status="PASS">
          <reporter-output>
          </reporter-output>
        </test-method> <!-- Close -->
      </class> <!-- TestNG16MAY.AllinOne -->
    </test> <!-- Default test -->
  </suite> <!-- Default suite -->
</testng-results>
